<?xml version="1.0" encoding="UTF-8"?>
<!-- Generated by org.testng.reporters.JUnitReportReporter -->
<testsuite hostname="LAPTOP-HSPQSV91" failures="0" tests="4" name="com.javacodegeeks.testng.selenium.TestNGSeleniumBrowserCfgExample" time="19.681" errors="0" timestamp="21 Sep 2018 18:24:34 GMT" skipped="0">
  <testcase classname="com.javacodegeeks.testng.selenium.TestNGSeleniumBrowserCfgExample" name="searchGoogle" time="3.187"/>
  <testcase classname="com.javacodegeeks.testng.selenium.TestNGSeleniumBrowserCfgExample" name="searchGoogle" time="7.350"/>
  <testcase classname="com.javacodegeeks.testng.selenium.TestNGSeleniumBrowserCfgExample" name="searchGoogle" time="1.434"/>
  <testcase classname="com.javacodegeeks.testng.selenium.TestNGSeleniumBrowserCfgExample" name="searchGoogle" time="7.710"/>
</testsuite> <!-- com.javacodegeeks.testng.selenium.TestNGSeleniumBrowserCfgExample -->
