<?xml version="1.0" encoding="UTF-8"?>
<!-- Generated by org.testng.reporters.JUnitReportReporter -->
<testsuite hostname="LAPTOP-HSPQSV91" failures="0" tests="4" name="com.javacodegeeks.testng.selenium.TestNGSeleniumBrowserCfgExample" time="12.063" errors="0" timestamp="21 Sep 2018 20:44:42 GMT" skipped="0">
  <testcase classname="com.javacodegeeks.testng.selenium.TestNGSeleniumBrowserCfgExample" name="searchGoogle" time="3.016"/>
  <testcase classname="com.javacodegeeks.testng.selenium.TestNGSeleniumBrowserCfgExample" name="searchGoogle" time="5.080"/>
  <testcase classname="com.javacodegeeks.testng.selenium.TestNGSeleniumBrowserCfgExample" name="searchGoogle" time="1.403"/>
  <testcase classname="com.javacodegeeks.testng.selenium.TestNGSeleniumBrowserCfgExample" name="searchGoogle" time="2.564"/>
</testsuite> <!-- com.javacodegeeks.testng.selenium.TestNGSeleniumBrowserCfgExample -->
