<?xml version="1.0" encoding="UTF-8"?>
<!-- Generated by org.testng.reporters.JUnitReportReporter -->
<testsuite hostname="LAPTOP-HSPQSV91" failures="0" tests="1" name="com.javacodegeeks.testng.selenium.TestNGSeleniumSimpleSearchExample" time="3.499" errors="0" timestamp="21 Sep 2018 20:44:42 GMT" skipped="0">
  <testcase classname="com.javacodegeeks.testng.selenium.TestNGSeleniumSimpleSearchExample" name="searchTestNGInGoogle" time="3.499"/>
</testsuite> <!-- com.javacodegeeks.testng.selenium.TestNGSeleniumSimpleSearchExample -->
